Arguments: 
  /Users/print/.nvm/versions/node/v7.2.1/bin/node /usr/local/bin/yarn add types --dev

PATH: 
  /Users/print/.nvm/versions/node/v7.2.1/bin:/Users/print/local/bin:/Users/print/local/bin:/Users/print/local/bin:/usr/local/bin:/usr/bin:/bin:/usr/sbin:/sbin:/usr/local/git/bin:/Users/print/android-sdk-mac/tools

Yarn version: 
  0.16.1

Node version: 
  7.2.1

Platform: 
  darwin x64

npm manifest: 
  {
    "name": "graphql-egghead",
    "version": "1.0.0",
    "description": "Curso de graphQL do egghead.io",
    "main": "index.js",
    "license": "MIT",
    "dependencies": {
      "graphql": "^0.8.2"
    }
  }

yarn manifest: 
  No manifest

bower manifest: 
  No manifest

Lockfile: 
  # THIS IS AN AUTOGENERATED FILE. DO NOT EDIT THIS FILE DIRECTLY.
  # yarn lockfile v1
  graphql:
    version "0.8.2"
    resolved "https://registry.yarnpkg.com/graphql/-/graphql-0.8.2.tgz#eb1bb524b38104bbf2c9157f9abc67db2feba7d2"
    dependencies:
      iterall "1.0.2"
  
  iterall@1.0.2:
    version "1.0.2"
    resolved "https://registry.yarnpkg.com/iterall/-/iterall-1.0.2.tgz#41a2e96ce9eda5e61c767ee5dc312373bb046e91"

Trace: 
  Error: connect ETIMEDOUT 151.101.92.162:80
      at Object.exports._errnoException (util.js:1022:11)
      at exports._exceptionWithHostPort (util.js:1045:20)
      at TCPConnectWrap.afterConnect [as oncomplete] (net.js:1090:14)
